2018-01-11 00:05:24,255 - INFO - Main - START!
2018-01-11 00:05:24,261 - INFO - FileParser - ValueError caught in /home/mateo/PredictionOfMedicalProcesses/Diabetes-Data/data-02 with ['10-31-1989', '12:00', '60', '0Hi']
2018-01-11 00:05:24,262 - INFO - FileParser - ValueError caught in /home/mateo/PredictionOfMedicalProcesses/Diabetes-Data/data-02 with ['11-04-1989', '18:00', '62', '0Hi']
2018-01-11 00:05:24,262 - INFO - FileParser - ValueError caught in /home/mateo/PredictionOfMedicalProcesses/Diabetes-Data/data-02 with ['11-05-1989', '12:00', '60', '0Hi']
2018-01-11 00:05:24,262 - INFO - FileParser - ValueError caught in /home/mateo/PredictionOfMedicalProcesses/Diabetes-Data/data-02 with ['11-06-1989', '12:00', '60', '0Hi']
2018-01-11 00:05:24,262 - INFO - FileParser - ValueError caught in /home/mateo/PredictionOfMedicalProcesses/Diabetes-Data/data-02 with ['11-06-1989', '22:00', '48', '0Hi']
2018-01-11 00:05:24,262 - INFO - FileParser - ValueError caught in /home/mateo/PredictionOfMedicalProcesses/Diabetes-Data/data-02 with ['11-08-1989', '18:00', '62', '0Lo']
2018-01-11 00:05:24,264 - INFO - FileParser - ValueError caught in /home/mateo/PredictionOfMedicalProcesses/Diabetes-Data/data-02 with ['12-25-1989', '22:00', '48', '0Hi']
2018-01-11 00:05:24,265 - WARNING - FileParser - /home/mateo/PredictionOfMedicalProcesses/Diabetes-Data/data-03: 56 is unknown data code
2018-01-11 00:05:24,265 - WARNING - FileParser - /home/mateo/PredictionOfMedicalProcesses/Diabetes-Data/data-03: 56 is unknown data code
2018-01-11 00:05:24,265 - WARNING - FileParser - /home/mateo/PredictionOfMedicalProcesses/Diabetes-Data/data-03: 56 is unknown data code
2018-01-11 00:05:24,265 - WARNING - FileParser - /home/mateo/PredictionOfMedicalProcesses/Diabetes-Data/data-03: 56 is unknown data code
2018-01-11 00:05:24,266 - WARNING - FileParser - /home/mateo/PredictionOfMedicalProcesses/Diabetes-Data/data-03: 56 is unknown data code
2018-01-11 00:05:24,266 - WARNING - FileParser - /home/mateo/PredictionOfMedicalProcesses/Diabetes-Data/data-03: 56 is unknown data code
2018-01-11 00:05:24,266 - WARNING - FileParser - /home/mateo/PredictionOfMedicalProcesses/Diabetes-Data/data-03: 56 is unknown data code
2018-01-11 00:05:24,266 - WARNING - FileParser - /home/mateo/PredictionOfMedicalProcesses/Diabetes-Data/data-03: 56 is unknown data code
2018-01-11 00:05:24,267 - WARNING - FileParser - /home/mateo/PredictionOfMedicalProcesses/Diabetes-Data/data-03: 56 is unknown data code
2018-01-11 00:05:24,267 - WARNING - FileParser - /home/mateo/PredictionOfMedicalProcesses/Diabetes-Data/data-03: 56 is unknown data code
2018-01-11 00:05:24,268 - WARNING - FileParser - /home/mateo/PredictionOfMedicalProcesses/Diabetes-Data/data-04: 56 is unknown data code
2018-01-11 00:05:24,268 - WARNING - FileParser - /home/mateo/PredictionOfMedicalProcesses/Diabetes-Data/data-04: 56 is unknown data code
2018-01-11 00:05:24,268 - WARNING - FileParser - /home/mateo/PredictionOfMedicalProcesses/Diabetes-Data/data-04: 56 is unknown data code
2018-01-11 00:05:24,269 - WARNING - FileParser - /home/mateo/PredictionOfMedicalProcesses/Diabetes-Data/data-04: 56 is unknown data code
2018-01-11 00:05:24,269 - WARNING - FileParser - /home/mateo/PredictionOfMedicalProcesses/Diabetes-Data/data-04: 56 is unknown data code
2018-01-11 00:05:24,269 - WARNING - FileParser - /home/mateo/PredictionOfMedicalProcesses/Diabetes-Data/data-04: 56 is unknown data code
2018-01-11 00:05:24,270 - WARNING - FileParser - /home/mateo/PredictionOfMedicalProcesses/Diabetes-Data/data-05: 56 is unknown data code
2018-01-11 00:05:24,270 - WARNING - FileParser - /home/mateo/PredictionOfMedicalProcesses/Diabetes-Data/data-05: 56 is unknown data code
2018-01-11 00:05:24,271 - WARNING - FileParser - /home/mateo/PredictionOfMedicalProcesses/Diabetes-Data/data-05: 56 is unknown data code
2018-01-11 00:05:24,271 - WARNING - FileParser - /home/mateo/PredictionOfMedicalProcesses/Diabetes-Data/data-05: 56 is unknown data code
2018-01-11 00:05:24,272 - WARNING - FileParser - /home/mateo/PredictionOfMedicalProcesses/Diabetes-Data/data-05: 56 is unknown data code
2018-01-11 00:05:24,272 - WARNING - FileParser - /home/mateo/PredictionOfMedicalProcesses/Diabetes-Data/data-05: 56 is unknown data code
2018-01-11 00:05:24,278 - WARNING - FileParser - /home/mateo/PredictionOfMedicalProcesses/Diabetes-Data/data-11: 56 is unknown data code
2018-01-11 00:05:24,280 - WARNING - FileParser - /home/mateo/PredictionOfMedicalProcesses/Diabetes-Data/data-12: 56 is unknown data code
2018-01-11 00:05:24,288 - WARNING - FileParser - /home/mateo/PredictionOfMedicalProcesses/Diabetes-Data/data-17: 56 is unknown data code
2018-01-11 00:05:24,288 - WARNING - FileParser - /home/mateo/PredictionOfMedicalProcesses/Diabetes-Data/data-17: 56 is unknown data code
2018-01-11 00:05:24,288 - WARNING - FileParser - /home/mateo/PredictionOfMedicalProcesses/Diabetes-Data/data-17: 56 is unknown data code
2018-01-11 00:05:24,288 - WARNING - FileParser - /home/mateo/PredictionOfMedicalProcesses/Diabetes-Data/data-17: 56 is unknown data code
2018-01-11 00:05:24,288 - WARNING - FileParser - /home/mateo/PredictionOfMedicalProcesses/Diabetes-Data/data-17: 56 is unknown data code
2018-01-11 00:05:24,288 - WARNING - FileParser - /home/mateo/PredictionOfMedicalProcesses/Diabetes-Data/data-17: 56 is unknown data code
2018-01-11 00:05:24,289 - WARNING - FileParser - /home/mateo/PredictionOfMedicalProcesses/Diabetes-Data/data-17: 56 is unknown data code
2018-01-11 00:05:24,289 - WARNING - FileParser - /home/mateo/PredictionOfMedicalProcesses/Diabetes-Data/data-17: 56 is unknown data code
2018-01-11 00:05:24,289 - WARNING - FileParser - /home/mateo/PredictionOfMedicalProcesses/Diabetes-Data/data-17: 56 is unknown data code
2018-01-11 00:05:24,289 - WARNING - FileParser - /home/mateo/PredictionOfMedicalProcesses/Diabetes-Data/data-17: 56 is unknown data code
2018-01-11 00:05:24,290 - WARNING - FileParser - /home/mateo/PredictionOfMedicalProcesses/Diabetes-Data/data-17: 56 is unknown data code
2018-01-11 00:05:24,290 - WARNING - FileParser - /home/mateo/PredictionOfMedicalProcesses/Diabetes-Data/data-17: 56 is unknown data code
2018-01-11 00:05:24,290 - WARNING - FileParser - /home/mateo/PredictionOfMedicalProcesses/Diabetes-Data/data-17: 56 is unknown data code
2018-01-11 00:05:24,291 - WARNING - FileParser - /home/mateo/PredictionOfMedicalProcesses/Diabetes-Data/data-17: 56 is unknown data code
2018-01-11 00:05:24,291 - WARNING - FileParser - /home/mateo/PredictionOfMedicalProcesses/Diabetes-Data/data-17: 56 is unknown data code
2018-01-11 00:05:24,291 - WARNING - FileParser - /home/mateo/PredictionOfMedicalProcesses/Diabetes-Data/data-17: 56 is unknown data code
2018-01-11 00:05:24,291 - WARNING - FileParser - /home/mateo/PredictionOfMedicalProcesses/Diabetes-Data/data-17: 56 is unknown data code
2018-01-11 00:05:24,291 - WARNING - FileParser - /home/mateo/PredictionOfMedicalProcesses/Diabetes-Data/data-17: 56 is unknown data code
2018-01-11 00:05:24,291 - WARNING - FileParser - /home/mateo/PredictionOfMedicalProcesses/Diabetes-Data/data-17: 56 is unknown data code
2018-01-11 00:05:24,291 - WARNING - FileParser - /home/mateo/PredictionOfMedicalProcesses/Diabetes-Data/data-17: 56 is unknown data code
2018-01-11 00:05:24,292 - WARNING - FileParser - /home/mateo/PredictionOfMedicalProcesses/Diabetes-Data/data-17: 56 is unknown data code
2018-01-11 00:05:24,292 - WARNING - FileParser - /home/mateo/PredictionOfMedicalProcesses/Diabetes-Data/data-17: 56 is unknown data code
2018-01-11 00:05:24,292 - WARNING - FileParser - /home/mateo/PredictionOfMedicalProcesses/Diabetes-Data/data-18: 56 is unknown data code
2018-01-11 00:05:24,293 - WARNING - FileParser - /home/mateo/PredictionOfMedicalProcesses/Diabetes-Data/data-18: 56 is unknown data code
2018-01-11 00:05:24,293 - WARNING - FileParser - /home/mateo/PredictionOfMedicalProcesses/Diabetes-Data/data-18: 56 is unknown data code
2018-01-11 00:05:24,294 - WARNING - FileParser - /home/mateo/PredictionOfMedicalProcesses/Diabetes-Data/data-18: 56 is unknown data code
2018-01-11 00:05:24,294 - WARNING - FileParser - /home/mateo/PredictionOfMedicalProcesses/Diabetes-Data/data-19: 56 is unknown data code
2018-01-11 00:05:24,294 - WARNING - FileParser - /home/mateo/PredictionOfMedicalProcesses/Diabetes-Data/data-19: 56 is unknown data code
2018-01-11 00:05:24,295 - WARNING - FileParser - /home/mateo/PredictionOfMedicalProcesses/Diabetes-Data/data-19: 56 is unknown data code
2018-01-11 00:05:24,296 - WARNING - FileParser - /home/mateo/PredictionOfMedicalProcesses/Diabetes-Data/data-19: 56 is unknown data code
2018-01-11 00:05:24,296 - WARNING - FileParser - /home/mateo/PredictionOfMedicalProcesses/Diabetes-Data/data-20: 4 is unknown data code
2018-01-11 00:05:24,304 - WARNING - FileParser - /home/mateo/PredictionOfMedicalProcesses/Diabetes-Data/data-22: 36 is unknown data code
2018-01-11 00:05:24,305 - WARNING - FileParser - /home/mateo/PredictionOfMedicalProcesses/Diabetes-Data/data-22: 56 is unknown data code
2018-01-11 00:05:24,307 - WARNING - FileParser - /home/mateo/PredictionOfMedicalProcesses/Diabetes-Data/data-23: 56 is unknown data code
2018-01-11 00:05:24,307 - WARNING - FileParser - /home/mateo/PredictionOfMedicalProcesses/Diabetes-Data/data-23: 56 is unknown data code
2018-01-11 00:05:24,307 - WARNING - FileParser - /home/mateo/PredictionOfMedicalProcesses/Diabetes-Data/data-23: 56 is unknown data code
2018-01-11 00:05:24,309 - WARNING - FileParser - /home/mateo/PredictionOfMedicalProcesses/Diabetes-Data/data-25: 56 is unknown data code
2018-01-11 00:05:24,338 - WARNING - FileParser - /home/mateo/PredictionOfMedicalProcesses/Diabetes-Data/data-32: 56 is unknown data code
2018-01-11 00:05:24,338 - WARNING - FileParser - /home/mateo/PredictionOfMedicalProcesses/Diabetes-Data/data-32: 56 is unknown data code
2018-01-11 00:05:24,338 - WARNING - FileParser - /home/mateo/PredictionOfMedicalProcesses/Diabetes-Data/data-32: 56 is unknown data code
2018-01-11 00:05:24,338 - WARNING - FileParser - /home/mateo/PredictionOfMedicalProcesses/Diabetes-Data/data-32: 56 is unknown data code
2018-01-11 00:05:24,339 - WARNING - FileParser - /home/mateo/PredictionOfMedicalProcesses/Diabetes-Data/data-32: 56 is unknown data code
2018-01-11 00:05:24,339 - WARNING - FileParser - /home/mateo/PredictionOfMedicalProcesses/Diabetes-Data/data-32: 56 is unknown data code
2018-01-11 00:05:24,339 - WARNING - FileParser - /home/mateo/PredictionOfMedicalProcesses/Diabetes-Data/data-32: 56 is unknown data code
2018-01-11 00:05:24,339 - WARNING - FileParser - /home/mateo/PredictionOfMedicalProcesses/Diabetes-Data/data-33: 56 is unknown data code
2018-01-11 00:05:24,340 - WARNING - FileParser - /home/mateo/PredictionOfMedicalProcesses/Diabetes-Data/data-33: 56 is unknown data code
2018-01-11 00:05:24,342 - WARNING - FileParser - /home/mateo/PredictionOfMedicalProcesses/Diabetes-Data/data-34: 56 is unknown data code
2018-01-11 00:05:24,343 - WARNING - FileParser - /home/mateo/PredictionOfMedicalProcesses/Diabetes-Data/data-35: 56 is unknown data code
2018-01-11 00:05:24,344 - WARNING - FileParser - /home/mateo/PredictionOfMedicalProcesses/Diabetes-Data/data-35: 56 is unknown data code
2018-01-11 00:05:24,344 - WARNING - FileParser - /home/mateo/PredictionOfMedicalProcesses/Diabetes-Data/data-35: 56 is unknown data code
2018-01-11 00:05:24,344 - WARNING - FileParser - /home/mateo/PredictionOfMedicalProcesses/Diabetes-Data/data-36: 56 is unknown data code
2018-01-11 00:05:24,345 - WARNING - FileParser - /home/mateo/PredictionOfMedicalProcesses/Diabetes-Data/data-36: 56 is unknown data code
2018-01-11 00:05:24,345 - WARNING - FileParser - /home/mateo/PredictionOfMedicalProcesses/Diabetes-Data/data-36: 56 is unknown data code
2018-01-11 00:05:24,351 - INFO - FileParser - ValueError caught in /home/mateo/PredictionOfMedicalProcesses/Diabetes-Data/data-40 with ['11-06-1989', '11:00', '57', "0''"]
2018-01-11 00:05:24,358 - WARNING - FileParser - /home/mateo/PredictionOfMedicalProcesses/Diabetes-Data/data-43: 56 is unknown data code
2018-01-11 00:05:24,358 - WARNING - FileParser - /home/mateo/PredictionOfMedicalProcesses/Diabetes-Data/data-43: 56 is unknown data code
2018-01-11 00:05:24,359 - WARNING - FileParser - /home/mateo/PredictionOfMedicalProcesses/Diabetes-Data/data-43: 56 is unknown data code
2018-01-11 00:05:24,359 - WARNING - FileParser - /home/mateo/PredictionOfMedicalProcesses/Diabetes-Data/data-43: 56 is unknown data code
2018-01-11 00:05:24,359 - WARNING - FileParser - /home/mateo/PredictionOfMedicalProcesses/Diabetes-Data/data-43: 56 is unknown data code
2018-01-11 00:05:24,359 - WARNING - FileParser - /home/mateo/PredictionOfMedicalProcesses/Diabetes-Data/data-43: 56 is unknown data code
2018-01-11 00:05:24,359 - WARNING - FileParser - /home/mateo/PredictionOfMedicalProcesses/Diabetes-Data/data-43: 56 is unknown data code
2018-01-11 00:05:24,360 - WARNING - FileParser - /home/mateo/PredictionOfMedicalProcesses/Diabetes-Data/data-43: 56 is unknown data code
2018-01-11 00:05:24,360 - WARNING - FileParser - /home/mateo/PredictionOfMedicalProcesses/Diabetes-Data/data-43: 56 is unknown data code
2018-01-11 00:05:24,361 - WARNING - FileParser - /home/mateo/PredictionOfMedicalProcesses/Diabetes-Data/data-44: 56 is unknown data code
2018-01-11 00:05:24,368 - WARNING - FileParser - /home/mateo/PredictionOfMedicalProcesses/Diabetes-Data/data-49: 56 is unknown data code
2018-01-11 00:05:24,369 - WARNING - FileParser - /home/mateo/PredictionOfMedicalProcesses/Diabetes-Data/data-49: 56 is unknown data code
2018-01-11 00:05:24,369 - WARNING - FileParser - /home/mateo/PredictionOfMedicalProcesses/Diabetes-Data/data-49: 56 is unknown data code
2018-01-11 00:05:24,369 - WARNING - FileParser - /home/mateo/PredictionOfMedicalProcesses/Diabetes-Data/data-49: 56 is unknown data code
2018-01-11 00:05:24,370 - WARNING - FileParser - /home/mateo/PredictionOfMedicalProcesses/Diabetes-Data/data-49: 56 is unknown data code
2018-01-11 00:05:24,370 - WARNING - FileParser - /home/mateo/PredictionOfMedicalProcesses/Diabetes-Data/data-49: 56 is unknown data code
2018-01-11 00:05:24,370 - WARNING - FileParser - /home/mateo/PredictionOfMedicalProcesses/Diabetes-Data/data-49: 56 is unknown data code
2018-01-11 00:05:24,370 - WARNING - FileParser - /home/mateo/PredictionOfMedicalProcesses/Diabetes-Data/data-49: 56 is unknown data code
2018-01-11 00:05:24,370 - WARNING - FileParser - /home/mateo/PredictionOfMedicalProcesses/Diabetes-Data/data-49: 56 is unknown data code
2018-01-11 00:05:24,370 - WARNING - FileParser - /home/mateo/PredictionOfMedicalProcesses/Diabetes-Data/data-49: 56 is unknown data code
2018-01-11 00:05:24,370 - WARNING - FileParser - /home/mateo/PredictionOfMedicalProcesses/Diabetes-Data/data-49: 56 is unknown data code
2018-01-11 00:05:24,370 - WARNING - FileParser - /home/mateo/PredictionOfMedicalProcesses/Diabetes-Data/data-49: 56 is unknown data code
2018-01-11 00:05:24,370 - WARNING - FileParser - /home/mateo/PredictionOfMedicalProcesses/Diabetes-Data/data-49: 56 is unknown data code
2018-01-11 00:05:24,371 - WARNING - FileParser - /home/mateo/PredictionOfMedicalProcesses/Diabetes-Data/data-49: 56 is unknown data code
2018-01-11 00:05:24,371 - WARNING - FileParser - /home/mateo/PredictionOfMedicalProcesses/Diabetes-Data/data-50: 56 is unknown data code
2018-01-11 00:05:24,371 - WARNING - FileParser - /home/mateo/PredictionOfMedicalProcesses/Diabetes-Data/data-50: 56 is unknown data code
2018-01-11 00:05:24,371 - WARNING - FileParser - /home/mateo/PredictionOfMedicalProcesses/Diabetes-Data/data-50: 56 is unknown data code
2018-01-11 00:05:24,371 - WARNING - FileParser - /home/mateo/PredictionOfMedicalProcesses/Diabetes-Data/data-50: 56 is unknown data code
2018-01-11 00:05:24,372 - WARNING - FileParser - /home/mateo/PredictionOfMedicalProcesses/Diabetes-Data/data-50: 56 is unknown data code
2018-01-11 00:05:24,372 - WARNING - FileParser - /home/mateo/PredictionOfMedicalProcesses/Diabetes-Data/data-50: 56 is unknown data code
2018-01-11 00:05:24,372 - WARNING - FileParser - /home/mateo/PredictionOfMedicalProcesses/Diabetes-Data/data-50: 56 is unknown data code
2018-01-11 00:05:24,372 - WARNING - FileParser - /home/mateo/PredictionOfMedicalProcesses/Diabetes-Data/data-50: 56 is unknown data code
2018-01-11 00:05:24,372 - WARNING - FileParser - /home/mateo/PredictionOfMedicalProcesses/Diabetes-Data/data-50: 56 is unknown data code
2018-01-11 00:05:24,372 - WARNING - FileParser - /home/mateo/PredictionOfMedicalProcesses/Diabetes-Data/data-50: 56 is unknown data code
2018-01-11 00:05:24,373 - WARNING - FileParser - /home/mateo/PredictionOfMedicalProcesses/Diabetes-Data/data-50: 56 is unknown data code
2018-01-11 00:05:24,374 - WARNING - FileParser - /home/mateo/PredictionOfMedicalProcesses/Diabetes-Data/data-51: 56 is unknown data code
2018-01-11 00:05:24,374 - WARNING - FileParser - /home/mateo/PredictionOfMedicalProcesses/Diabetes-Data/data-51: 56 is unknown data code
2018-01-11 00:05:24,375 - WARNING - FileParser - /home/mateo/PredictionOfMedicalProcesses/Diabetes-Data/data-51: 56 is unknown data code
2018-01-11 00:05:24,376 - WARNING - FileParser - /home/mateo/PredictionOfMedicalProcesses/Diabetes-Data/data-52: 56 is unknown data code
2018-01-11 00:05:24,396 - WARNING - FileParser - /home/mateo/PredictionOfMedicalProcesses/Diabetes-Data/data-57: 56 is unknown data code
2018-01-11 00:05:24,396 - WARNING - FileParser - /home/mateo/PredictionOfMedicalProcesses/Diabetes-Data/data-57: 56 is unknown data code
2018-01-11 00:05:24,396 - WARNING - FileParser - /home/mateo/PredictionOfMedicalProcesses/Diabetes-Data/data-57: 56 is unknown data code
2018-01-11 00:05:24,419 - WARNING - FileParser - /home/mateo/PredictionOfMedicalProcesses/Diabetes-Data/data-67: 188:00 didn't match to time pattern
2018-01-11 00:05:24,420 - WARNING - FileParser - /home/mateo/PredictionOfMedicalProcesses/Diabetes-Data/data-67: 188:00 didn't match to time pattern
2018-01-11 00:05:24,424 - WARNING - FileParser - /home/mateo/PredictionOfMedicalProcesses/Diabetes-Data/data-69: 56 is unknown data code
2018-01-11 00:05:24,424 - WARNING - FileParser - /home/mateo/PredictionOfMedicalProcesses/Diabetes-Data/data-69: 56 is unknown data code
